<?xml version="1.0" encoding="UTF-8"?>
<!-- Generated by org.testng.reporters.JUnitReportReporter -->
<testsuite hostname="ACAC-GSSC-025" failures="3" tests="3" name="org.govstack.runner.TestRunner" time="291.876" errors="0" timestamp="2024-11-04T11:09:52 IST" skipped="0">
  <testcase classname="org.govstack.runner.TestRunner" name="runScenario" time="57.517">
    <failure message="element click intercepted: Element &lt;button class=&quot;e-control e-btn e-lib e-primary&quot; style=&quot;border: 3px solid red;&quot;&gt;...&lt;/button&gt; is not clickable at point (1495, 237). Other element would receive the click: &lt;div class=&quot;e-control e-skeleton e-lib e-skeleton-rectangle e-shimmer-wave&quot; id=&quot;e-skeleton_26&quot; role=&quot;alert&quot; aria-busy=&quot;true&quot; aria-live=&quot;polite&quot; aria-label=&quot;Loading...&quot; style=&quot;width: 100%; height: 40vh;&quot;&gt;&lt;/div&gt;
  (Session info: chrome=130.0.6723.92)
Build info: version: &#039;4.20.0&#039;, revision: &#039;866c76ca80&#039;
System info: os.name: &#039;Windows 10&#039;, os.arch: &#039;amd64&#039;, os.version: &#039;10.0&#039;, java.version: &#039;22.0.1&#039;
Driver info: org.openqa.selenium.chrome.ChromeDriver
Command: [2852882f158928f2166ce1249226562d, clickElement {id=f.3DD415FAFE6C2A9771D040A834C49244.d.6F138E83582C63F07C200C7ED01CE60F.e.13}]
Capabilities {acceptInsecureCerts: false, browserName: chrome, browserVersion: 130.0.6723.92, chrome: {chromedriverVersion: 130.0.6723.91 (53ac07678369..., userDataDir: C:\Users\sjeldu\AppData\Loc...}, fedcm:accounts: true, goog:chromeOptions: {debuggerAddress: localhost:50129}, networkConnectionEnabled: false, pageLoadStrategy: normal, platformName: windows, proxy: Proxy(), se:cdp: ws://localhost:50129/devtoo..., se:cdpVersion: 130.0.6723.92, setWindowRect: true, strictFileInteractability: false, timeouts: {implicit: 0, pageLoad: 300000, script: 30000}, unhandledPromptBehavior: dismiss and notify, webauthn:extension:credBlob: true, webauthn:extension:largeBlob: true, webauthn:extension:minPinLength: true, webauthn:extension:prf: true, webauthn:virtualAuthenticators: true}
Element: [[ChromeDriver: chrome on windows (2852882f158928f2166ce1249226562d)] -&gt; xpath: //button[@class=&#039;e-control e-btn e-lib e-primary&#039;]]
Session ID: 2852882f158928f2166ce1249226562d" type="java.lang.AssertionError">
      <![CDATA[java.lang.AssertionError: element click intercepted: Element <button class="e-control e-btn e-lib e-primary" style="border: 3px solid red;">...</button> is not clickable at point (1495, 237). Other element would receive the click: <div class="e-control e-skeleton e-lib e-skeleton-rectangle e-shimmer-wave" id="e-skeleton_26" role="alert" aria-busy="true" aria-live="polite" aria-label="Loading..." style="width: 100%; height: 40vh;"></div>
  (Session info: chrome=130.0.6723.92)
Build info: version: '4.20.0', revision: '866c76ca80'
System info: os.name: 'Windows 10', os.arch: 'amd64', os.version: '10.0', java.version: '22.0.1'
Driver info: org.openqa.selenium.chrome.ChromeDriver
Command: [2852882f158928f2166ce1249226562d, clickElement {id=f.3DD415FAFE6C2A9771D040A834C49244.d.6F138E83582C63F07C200C7ED01CE60F.e.13}]
Capabilities {acceptInsecureCerts: false, browserName: chrome, browserVersion: 130.0.6723.92, chrome: {chromedriverVersion: 130.0.6723.91 (53ac07678369..., userDataDir: C:\Users\sjeldu\AppData\Loc...}, fedcm:accounts: true, goog:chromeOptions: {debuggerAddress: localhost:50129}, networkConnectionEnabled: false, pageLoadStrategy: normal, platformName: windows, proxy: Proxy(), se:cdp: ws://localhost:50129/devtoo..., se:cdpVersion: 130.0.6723.92, setWindowRect: true, strictFileInteractability: false, timeouts: {implicit: 0, pageLoad: 300000, script: 30000}, unhandledPromptBehavior: dismiss and notify, webauthn:extension:credBlob: true, webauthn:extension:largeBlob: true, webauthn:extension:minPinLength: true, webauthn:extension:prf: true, webauthn:virtualAuthenticators: true}
Element: [[ChromeDriver: chrome on windows (2852882f158928f2166ce1249226562d)] -> xpath: //button[@class='e-control e-btn e-lib e-primary']]
Session ID: 2852882f158928f2166ce1249226562d
at org.testng.Assert.fail(Assert.java:111)
at org.govstack.utils.CommonMethods.clickElement(CommonMethods.java:87)
at org.govstack.pom.pf.pfListings.pages.PFListingsPage.clickAddLocation(PFListingsPage.java:34)
at org.govstack.stepdefinition.pf.StepDefinitions_PF_Listings.user_selects_the_add_location(StepDefinitions_PF_Listings.java:104)
at ✽.user selects the add location(file:///D:/Gov_Gurvinder/Main_Branch/src/main/resources/TestCases/Parks%20and%20Facilities/PF_Listings_Grid_TestCases.feature:15)
]]>
    </failure>
  </testcase> <!-- runScenario -->
  <testcase classname="org.govstack.runner.TestRunner" name="runScenario" time="77.707">
    <failure message="element click intercepted: Element &lt;button class=&quot;e-control e-btn e-lib e-primary&quot; style=&quot;border: 3px solid red;&quot;&gt;...&lt;/button&gt; is not clickable at point (1495, 237). Other element would receive the click: &lt;div class=&quot;e-control e-skeleton e-lib e-skeleton-rectangle e-shimmer-wave&quot; id=&quot;e-skeleton_26&quot; role=&quot;alert&quot; aria-busy=&quot;true&quot; aria-live=&quot;polite&quot; aria-label=&quot;Loading...&quot; style=&quot;width: 100%; height: 40vh;&quot;&gt;&lt;/div&gt;
  (Session info: chrome=130.0.6723.92)
Build info: version: &#039;4.20.0&#039;, revision: &#039;866c76ca80&#039;
System info: os.name: &#039;Windows 10&#039;, os.arch: &#039;amd64&#039;, os.version: &#039;10.0&#039;, java.version: &#039;22.0.1&#039;
Driver info: org.openqa.selenium.chrome.ChromeDriver
Command: [071a0cebf1585901cb018d0fcc9bac62, clickElement {id=f.A9B2F9A724653BD7257A3B5EF08C7C4E.d.CEA8FA63599E5DEE49495AF6036B7317.e.26}]
Capabilities {acceptInsecureCerts: false, browserName: chrome, browserVersion: 130.0.6723.92, chrome: {chromedriverVersion: 130.0.6723.91 (53ac07678369..., userDataDir: C:\Users\sjeldu\AppData\Loc...}, fedcm:accounts: true, goog:chromeOptions: {debuggerAddress: localhost:49594}, networkConnectionEnabled: false, pageLoadStrategy: normal, platformName: windows, proxy: Proxy(), se:cdp: ws://localhost:49594/devtoo..., se:cdpVersion: 130.0.6723.92, setWindowRect: true, strictFileInteractability: false, timeouts: {implicit: 0, pageLoad: 300000, script: 30000}, unhandledPromptBehavior: dismiss and notify, webauthn:extension:credBlob: true, webauthn:extension:largeBlob: true, webauthn:extension:minPinLength: true, webauthn:extension:prf: true, webauthn:virtualAuthenticators: true}
Element: [[ChromeDriver: chrome on windows (071a0cebf1585901cb018d0fcc9bac62)] -&gt; xpath: //button[@class=&#039;e-control e-btn e-lib e-primary&#039;]]
Session ID: 071a0cebf1585901cb018d0fcc9bac62" type="java.lang.AssertionError">
      <![CDATA[java.lang.AssertionError: element click intercepted: Element <button class="e-control e-btn e-lib e-primary" style="border: 3px solid red;">...</button> is not clickable at point (1495, 237). Other element would receive the click: <div class="e-control e-skeleton e-lib e-skeleton-rectangle e-shimmer-wave" id="e-skeleton_26" role="alert" aria-busy="true" aria-live="polite" aria-label="Loading..." style="width: 100%; height: 40vh;"></div>
  (Session info: chrome=130.0.6723.92)
Build info: version: '4.20.0', revision: '866c76ca80'
System info: os.name: 'Windows 10', os.arch: 'amd64', os.version: '10.0', java.version: '22.0.1'
Driver info: org.openqa.selenium.chrome.ChromeDriver
Command: [071a0cebf1585901cb018d0fcc9bac62, clickElement {id=f.A9B2F9A724653BD7257A3B5EF08C7C4E.d.CEA8FA63599E5DEE49495AF6036B7317.e.26}]
Capabilities {acceptInsecureCerts: false, browserName: chrome, browserVersion: 130.0.6723.92, chrome: {chromedriverVersion: 130.0.6723.91 (53ac07678369..., userDataDir: C:\Users\sjeldu\AppData\Loc...}, fedcm:accounts: true, goog:chromeOptions: {debuggerAddress: localhost:49594}, networkConnectionEnabled: false, pageLoadStrategy: normal, platformName: windows, proxy: Proxy(), se:cdp: ws://localhost:49594/devtoo..., se:cdpVersion: 130.0.6723.92, setWindowRect: true, strictFileInteractability: false, timeouts: {implicit: 0, pageLoad: 300000, script: 30000}, unhandledPromptBehavior: dismiss and notify, webauthn:extension:credBlob: true, webauthn:extension:largeBlob: true, webauthn:extension:minPinLength: true, webauthn:extension:prf: true, webauthn:virtualAuthenticators: true}
Element: [[ChromeDriver: chrome on windows (071a0cebf1585901cb018d0fcc9bac62)] -> xpath: //button[@class='e-control e-btn e-lib e-primary']]
Session ID: 071a0cebf1585901cb018d0fcc9bac62
at org.testng.Assert.fail(Assert.java:111)
at org.govstack.utils.CommonMethods.clickElement(CommonMethods.java:87)
at org.govstack.pom.pf.pfListings.pages.PFListingsPage.clickAddLocation(PFListingsPage.java:34)
at org.govstack.stepdefinition.pf.StepDefinitions_PF_Listings.user_selects_the_add_location(StepDefinitions_PF_Listings.java:104)
at ✽.user selects the add location(file:///D:/Gov_Gurvinder/Main_Branch/src/main/resources/TestCases/Parks%20and%20Facilities/PF_Listings_Grid_TestCases.feature:15)
]]>
    </failure>
  </testcase> <!-- runScenario -->
  <testcase classname="org.govstack.runner.TestRunner" name="runScenario" time="156.652">
    <failure message="no such element: Unable to locate element: {&quot;method&quot;:&quot;xpath&quot;,&quot;selector&quot;:&quot;//*[@id=&quot;paf-installations-table_content_table&quot;]/tbody/tr/td[2]&quot;}
  (Session info: chrome=130.0.6723.92)
For documentation on this error, please visit: https://www.selenium.dev/documentation/webdriver/troubleshooting/errors#no-such-element-exception
Build info: version: &#039;4.20.0&#039;, revision: &#039;866c76ca80&#039;
System info: os.name: &#039;Windows 10&#039;, os.arch: &#039;amd64&#039;, os.version: &#039;10.0&#039;, java.version: &#039;22.0.1&#039;
Driver info: org.openqa.selenium.chrome.ChromeDriver
Command: [04e5b5de47ef32cd9d4d9c2398e838bd, findElement {value=//*[@id=&quot;paf-installations-table_content_table&quot;]/tbody/tr/td[2], using=xpath}]
Capabilities {acceptInsecureCerts: false, browserName: chrome, browserVersion: 130.0.6723.92, chrome: {chromedriverVersion: 130.0.6723.91 (53ac07678369..., userDataDir: C:\Users\sjeldu\AppData\Loc...}, fedcm:accounts: true, goog:chromeOptions: {debuggerAddress: localhost:49836}, networkConnectionEnabled: false, pageLoadStrategy: normal, platformName: windows, proxy: Proxy(), se:cdp: ws://localhost:49836/devtoo..., se:cdpVersion: 130.0.6723.92, setWindowRect: true, strictFileInteractability: false, timeouts: {implicit: 0, pageLoad: 300000, script: 30000}, unhandledPromptBehavior: dismiss and notify, webauthn:extension:credBlob: true, webauthn:extension:largeBlob: true, webauthn:extension:minPinLength: true, webauthn:extension:prf: true, webauthn:virtualAuthenticators: true}
Session ID: 04e5b5de47ef32cd9d4d9c2398e838bd" type="java.lang.AssertionError">
      <![CDATA[java.lang.AssertionError: no such element: Unable to locate element: {"method":"xpath","selector":"//*[@id="paf-installations-table_content_table"]/tbody/tr/td[2]"}
  (Session info: chrome=130.0.6723.92)
For documentation on this error, please visit: https://www.selenium.dev/documentation/webdriver/troubleshooting/errors#no-such-element-exception
Build info: version: '4.20.0', revision: '866c76ca80'
System info: os.name: 'Windows 10', os.arch: 'amd64', os.version: '10.0', java.version: '22.0.1'
Driver info: org.openqa.selenium.chrome.ChromeDriver
Command: [04e5b5de47ef32cd9d4d9c2398e838bd, findElement {value=//*[@id="paf-installations-table_content_table"]/tbody/tr/td[2], using=xpath}]
Capabilities {acceptInsecureCerts: false, browserName: chrome, browserVersion: 130.0.6723.92, chrome: {chromedriverVersion: 130.0.6723.91 (53ac07678369..., userDataDir: C:\Users\sjeldu\AppData\Loc...}, fedcm:accounts: true, goog:chromeOptions: {debuggerAddress: localhost:49836}, networkConnectionEnabled: false, pageLoadStrategy: normal, platformName: windows, proxy: Proxy(), se:cdp: ws://localhost:49836/devtoo..., se:cdpVersion: 130.0.6723.92, setWindowRect: true, strictFileInteractability: false, timeouts: {implicit: 0, pageLoad: 300000, script: 30000}, unhandledPromptBehavior: dismiss and notify, webauthn:extension:credBlob: true, webauthn:extension:largeBlob: true, webauthn:extension:minPinLength: true, webauthn:extension:prf: true, webauthn:virtualAuthenticators: true}
Session ID: 04e5b5de47ef32cd9d4d9c2398e838bd
at org.testng.Assert.fail(Assert.java:111)
at org.govstack.utils.CommonMethods.highlightElement(CommonMethods.java:62)
at org.govstack.utils.CommonMethods.getElementText(CommonMethods.java:292)
at org.govstack.pom.pf.pfListings.pages.PFListingsPage.validatePFListingCreated(PFListingsPage.java:92)
at org.govstack.stepdefinition.pf.StepDefinitions_PF_Listings.location_should_be_added(StepDefinitions_PF_Listings.java:128)
at ✽.location should be added(file:///D:/Gov_Gurvinder/Main_Branch/src/main/resources/TestCases/Parks%20and%20Facilities/PF_Listings_Grid_TestCases.feature:19)
]]>
    </failure>
  </testcase> <!-- runScenario -->
</testsuite> <!-- org.govstack.runner.TestRunner -->
